<?xml version="1.0" encoding="UTF-8"?>
<!-- Generated by org.testng.reporters.JUnitReportReporter -->
<testsuite skipped="0" hostname="DESKTOP-98NP3GG" name="test.Testing02" tests="2" failures="0" timestamp="04 Feb 2019 16:36:18 GMT" time="98.874" errors="0">
  <testcase name="FlightLogin" time="32.534" classname="test.Testing02"/>
  <testcase name="FlightLogin" time="66.340" classname="test.Testing02"/>
</testsuite> <!-- test.Testing02 -->
