<?xml version="1.0" encoding="UTF-8"?>
<!-- Generated by org.testng.reporters.JUnitReportReporter -->
<testsuite skipped="0" hostname="DESKTOP-98NP3GG" name="test.Testing01" tests="5" failures="0" timestamp="04 Feb 2019 03:47:01 GMT" time="0.150" errors="0">
  <testcase name="method5" time="0.136" classname="test.Testing01"/>
  <testcase name="method2" time="0.003" classname="test.Testing01"/>
  <testcase name="method4" time="0.004" classname="test.Testing01"/>
  <testcase name="method1" time="0.003" classname="test.Testing01"/>
  <testcase name="method3" time="0.004" classname="test.Testing01"/>
</testsuite> <!-- test.Testing01 -->
