<?xml version="1.0" encoding="UTF-8"?>
<!-- Generated by org.testng.reporters.JUnitReportReporter -->
<testsuite skipped="0" hostname="DESKTOP-98NP3GG" name="test.TestCase1" tests="1" failures="0" timestamp="04 Feb 2019 17:50:22 GMT" time="38.844" errors="0">
  <testcase name="TestCase1" time="38.844" classname="test.TestCase1"/>
</testsuite> <!-- test.TestCase1 -->
